<?xml version="1.0" encoding="UTF-8"?>
<testsuite xmlns:xsi="http://www.w3.org/2001/XMLSchema-instance" xsi:noNamespaceSchemaLocation="https://maven.apache.org/surefire/maven-surefire-plugin/xsd/surefire-test-report-3.0.xsd" version="3.0" name="runners.TestRunner" time="15.356" tests="2" errors="0" skipped="0" failures="0">
  <properties>
[...]
</properties>
  <testcase name="Successful login" classname="Login functionality" time="10.996">
    <system-out><![CDATA[
Scenario: Successful login                       &amp#27;[90m# src/test/resources/features/login.feature:7&amp#27;[0m
  &amp#27;[32mGiven &amp#27;[0m&amp#27;[32mI am on the login page&amp#27;[0m                   &amp#27;[90m# steps.LoginSteps.i_am_on_login_page()&amp#27;[0m
  &amp#27;[32mWhen &amp#27;[0m&amp#27;[32mI enter valid username and password&amp#27;[0m       &amp#27;[90m# steps.LoginSteps.enter_valid_credentials()&amp#27;[0m
  &amp#27;[32mAnd &amp#27;[0m&amp#27;[32mI click on login button&amp#27;[0m                    &amp#27;[90m# steps.LoginSteps.click_login()&amp#27;[0m
  &amp#27;[32mThen &amp#27;[0m&amp#27;[32mI should see the successful login message&amp#27;[0m &amp#27;[90m# steps.LoginSteps.validate_success()&amp#27;[0m
]]></system-out>
    <system-err><![CDATA[fev. 27, 2026 1:57:30 PM org.openqa.selenium.devtools.CdpVersionFinder findNearestMatch
ADVERTÊNCIA: Unable to find CDP implementation matching 145
fev. 27, 2026 1:57:30 PM org.openqa.selenium.chromium.ChromiumDriver lambda$new$5
ADVERTÊNCIA: Unable to find version of CDP to use for 145.0.3800.82. You may need to include a dependency on a specific version of the CDP using something similar to `org.seleniumhq.selenium:selenium-devtools-v86:4.16.1` where the version ("v86") matches the version of the chromium-based browser you're using and the version number of the artifact is the same as Selenium's.
]]></system-err>
  </testcase>
  <testcase name="Invalid login" classname="Login functionality" time="4.14">
    <system-out><![CDATA[
Scenario: Invalid login                      &amp#27;[90m# src/test/resources/features/login.feature:13&amp#27;[0m
  &amp#27;[32mGiven &amp#27;[0m&amp#27;[32mI am on the login page&amp#27;[0m               &amp#27;[90m# steps.LoginSteps.i_am_on_login_page()&amp#27;[0m
  &amp#27;[32mWhen &amp#27;[0m&amp#27;[32mI enter invalid username and password&amp#27;[0m &amp#27;[90m# steps.LoginSteps.enter_invalid_credentials()&amp#27;[0m
  &amp#27;[32mAnd &amp#27;[0m&amp#27;[32mI click on login button&amp#27;[0m                &amp#27;[90m# steps.LoginSteps.click_login()&amp#27;[0m
  &amp#27;[32mThen &amp#27;[0m&amp#27;[32mI should see an error message&amp#27;[0m         &amp#27;[90m# steps.LoginSteps.validate_error()&amp#27;[0m
]]></system-out>
    <system-err><![CDATA[fev. 27, 2026 1:57:40 PM org.openqa.selenium.devtools.CdpVersionFinder findNearestMatch
ADVERTÊNCIA: Unable to find CDP implementation matching 145
fev. 27, 2026 1:57:40 PM org.openqa.selenium.chromium.ChromiumDriver lambda$new$5
ADVERTÊNCIA: Unable to find version of CDP to use for 145.0.3800.82. You may need to include a dependency on a specific version of the CDP using something similar to `org.seleniumhq.selenium:selenium-devtools-v86:4.16.1` where the version ("v86") matches the version of the chromium-based browser you're using and the version number of the artifact is the same as Selenium's.
]]></system-err>
  </testcase>
</testsuite>